<?xml version="1.0" encoding="UTF-8"?>
<testsuite name="cucumber.jvm.parallel.cucumber.R_S13_21430_AT" time="0.361" tests="44" errors="2" skipped="7" failures="0">
  <properties>
[...]
</properties>
  <testcase name="Given I navigate to Login page" classname="Scenario: 21430 - Enhance Find My Project Functionality" time="0.002"/>
  <testcase name="When I click on Single Sign On button" classname="Scenario: 21430 - Enhance Find My Project Functionality" time="0"/>
  <testcase name="When I type Username as &quot;default&quot; single sign on" classname="Scenario: 21430 - Enhance Find My Project Functionality" time="0"/>
  <testcase name="When I type Password as &quot;default&quot; single sign on" classname="Scenario: 21430 - Enhance Find My Project Functionality" time="0"/>
  <testcase name="When I click on Sign In button single sign on" classname="Scenario: 21430 - Enhance Find My Project Functionality" time="0"/>
  <testcase name="Then I should be at Projects page" classname="Scenario: 21430 - Enhance Find My Project Functionality" time="0"/>
  <testcase name="When I click on Create New button" classname="Scenario: 21430 - Enhance Find My Project Functionality" time="0"/>
  <testcase name="Then I should see Project Status as &quot;Draft&quot;" classname="Scenario: 21430 - Enhance Find My Project Functionality" time="0"/>
  <testcase name="Then I should be at Project page" classname="Scenario: 21430 - Enhance Find My Project Functionality" time="0"/>
  <testcase name="When I select Business Unit as &quot;Catapult Integrated Services&quot;" classname="Scenario: 21430 - Enhance Find My Project Functionality" time="0"/>
  <testcase name="When I select Customer Name or ID as &quot;000000000014986&quot;" classname="Scenario: 21430 - Enhance Find My Project Functionality" time="0"/>
  <testcase name="When I select Rate Card as &quot;Mars Foods&quot;" classname="Scenario: 21430 - Enhance Find My Project Functionality" time="0"/>
  <testcase name="When I select Brand Name as &quot;Multi-Brand&quot;" classname="Scenario: 21430 - Enhance Find My Project Functionality" time="0"/>
  <testcase name="When I select Division as &quot;Retail&quot;" classname="Scenario: 21430 - Enhance Find My Project Functionality" time="0"/>
  <testcase name="When I select Channel as &quot;Drug&quot;" classname="Scenario: 21430 - Enhance Find My Project Functionality" time="0"/>
  <testcase name="When I select Retailer as &quot;Amazon&quot;" classname="Scenario: 21430 - Enhance Find My Project Functionality" time="0"/>
  <testcase name="When I select Discipline as &quot;Advertising&quot;" classname="Scenario: 21430 - Enhance Find My Project Functionality" time="0"/>
  <testcase name="When I type Project Name as &quot;Project_31907&quot;" classname="Scenario: 21430 - Enhance Find My Project Functionality" time="0"/>
  <testcase name="When I select Project Type as &quot;FFEE&quot;" classname="Scenario: 21430 - Enhance Find My Project Functionality" time="0"/>
  <testcase name="When I select Start Date as Today" classname="Scenario: 21430 - Enhance Find My Project Functionality" time="0"/>
  <testcase name="When I select End Date as 7 days after Today" classname="Scenario: 21430 - Enhance Find My Project Functionality" time="0"/>
  <testcase name="When I select Project Designation as &quot;Stand-Alone&quot;" classname="Scenario: 21430 - Enhance Find My Project Functionality" time="0"/>
  <testcase name="When I type Description as &quot;Veritas Nunquam Perit&quot;" classname="Scenario: 21430 - Enhance Find My Project Functionality" time="0"/>
  <testcase name="When I click on Schedule navigation link" classname="Scenario: 21430 - Enhance Find My Project Functionality" time="0"/>
  <testcase name="When I type Phase Name as &quot;Phase 111&quot;" classname="Scenario: 21430 - Enhance Find My Project Functionality" time="0"/>
  <testcase name="When I select Phase Start Date as Today" classname="Scenario: 21430 - Enhance Find My Project Functionality" time="0"/>
  <testcase name="When I select Phase End Date as 7 days after Today" classname="Scenario: 21430 - Enhance Find My Project Functionality" time="0"/>
  <testcase name="When I click on Get Project Id" classname="Scenario: 21430 - Enhance Find My Project Functionality" time="0"/>
  <testcase name="Then I should see Success notification" classname="Scenario: 21430 - Enhance Find My Project Functionality" time="0"/>
  <testcase name="When I record Project Id" classname="Scenario: 21430 - Enhance Find My Project Functionality" time="0"/>
  <testcase name="When I click on Timesheet button navigation bar" classname="Scenario: 21430 - Enhance Find My Project Functionality" time="0"/>
  <testcase name="Then I should be at Timesheets page" classname="Scenario: 21430 - Enhance Find My Project Functionality" time="0"/>
  <testcase name="When I click on Timesheet Period with Timesheet Status as NOT Submitted" classname="Scenario: 21430 - Enhance Find My Project Functionality" time="0"/>
  <testcase name="When I click on Find Project icon" classname="Scenario: 21430 - Enhance Find My Project Functionality" time="0"/>
  <testcase name="Then I should see Find Project pop-up" classname="Scenario: 21430 - Enhance Find My Project Functionality" time="0"/>
  <testcase name="Then I should see Select Customer dropdown as disabled" classname="Scenario: 21430 - Enhance Find My Project Functionality" time="0.012">
    <error message="Expected condition failed: waiting for cucumber.jvm.parallel.util.CUtil$1@94740 (tried for 90 second(s) with 5 SECONDS interval)" type="org.openqa.selenium.TimeoutException">org.openqa.selenium.TimeoutException: Expected condition failed: waiting for cucumber.jvm.parallel.util.CUtil$1@94740 (tried for 90 second(s) with 5 SECONDS interval)
	at sun.reflect.NativeConstructorAccessorImpl.newInstance0(Native Method)
	at sun.reflect.NativeConstructorAccessorImpl.newInstance(NativeConstructorAccessorImpl.java:62)
	at sun.reflect.DelegatingConstructorAccessorImpl.newInstance(DelegatingConstructorAccessorImpl.java:45)
	at java.lang.reflect.Constructor.newInstance(Constructor.java:423)
	at org.openqa.selenium.remote.ErrorHandler.createThrowable(ErrorHandler.java:215)
	at org.openqa.selenium.remote.ErrorHandler.throwIfResponseFailed(ErrorHandler.java:167)
	at org.openqa.selenium.remote.RemoteWebDriver.execute(RemoteWebDriver.java:671)
	at org.openqa.selenium.remote.RemoteWebDriver.findElement(RemoteWebDriver.java:410)
	at org.openqa.selenium.remote.RemoteWebDriver.findElementByCssSelector(RemoteWebDriver.java:501)
	at org.openqa.selenium.By$ByCssSelector.findElement(By.java:430)
	at org.openqa.selenium.remote.RemoteWebDriver.findElement(RemoteWebDriver.java:402)
	at cucumber.jvm.parallel.util.CUtil$1.apply(CUtil.java:105)
	at cucumber.jvm.parallel.util.CUtil$1.apply(CUtil.java:103)
	at org.openqa.selenium.support.ui.FluentWait.until(FluentWait.java:209)
	at cucumber.jvm.parallel.util.CUtil.waitForElement(CUtil.java:103)
	at cucumber.jvm.parallel.pages.TimesheetPage.isDisabled_SELECT_CUSTOMER_DROPDOWN(TimesheetPage.java:547)
	at cucumber.jvm.parallel.cucumber.steps.TimesheetPageSteps.I_should_see_Select_Customer_dropdown_as_disabled(TimesheetPageSteps.java:347)
	at sun.reflect.NativeMethodAccessorImpl.invoke0(Native Method)
	at sun.reflect.NativeMethodAccessorImpl.invoke(NativeMethodAccessorImpl.java:62)
	at sun.reflect.DelegatingMethodAccessorImpl.invoke(DelegatingMethodAccessorImpl.java:43)
	at java.lang.reflect.Method.invoke(Method.java:498)
	at cucumber.runtime.Utils$1.call(Utils.java:44)
	at cucumber.runtime.Timeout.timeout(Timeout.java:12)
	at cucumber.runtime.Utils.invoke(Utils.java:40)
	at cucumber.runtime.java.JavaStepDefinition.execute(JavaStepDefinition.java:35)
	at cucumber.runtime.StepDefinitionMatch.runStep(StepDefinitionMatch.java:38)
	at cucumber.runtime.Runtime.runStep(Runtime.java:268)
	at cucumber.runtime.model.StepContainer.runStep(StepContainer.java:45)
	at cucumber.runtime.model.StepContainer.runSteps(StepContainer.java:40)
	at cucumber.runtime.model.CucumberScenario.run(CucumberScenario.java:36)
	at cucumber.runtime.junit.ExecutionUnitRunner.run(ExecutionUnitRunner.java:83)
	at cucumber.runtime.junit.FeatureRunner.runChild(FeatureRunner.java:63)
	at cucumber.runtime.junit.FeatureRunner.runChild(FeatureRunner.java:18)
	at org.junit.runners.ParentRunner$3.run(ParentRunner.java:238)
	at org.junit.runners.ParentRunner$1.schedule(ParentRunner.java:63)
	at org.junit.runners.ParentRunner.runChildren(ParentRunner.java:236)
	at org.junit.runners.ParentRunner.access$000(ParentRunner.java:53)
	at org.junit.runners.ParentRunner$2.evaluate(ParentRunner.java:229)
	at org.junit.runners.ParentRunner.run(ParentRunner.java:309)
	at cucumber.runtime.junit.FeatureRunner.run(FeatureRunner.java:70)
	at cucumber.api.junit.Cucumber.runChild(Cucumber.java:77)
	at cucumber.api.junit.Cucumber.runChild(Cucumber.java:37)
	at org.junit.runners.ParentRunner$3.run(ParentRunner.java:238)
	at org.junit.runners.ParentRunner$1.schedule(ParentRunner.java:63)
	at org.junit.runners.ParentRunner.runChildren(ParentRunner.java:236)
	at org.junit.runners.ParentRunner.access$000(ParentRunner.java:53)
	at org.junit.runners.ParentRunner$2.evaluate(ParentRunner.java:229)
	at org.junit.runners.ParentRunner.run(ParentRunner.java:309)
	at cucumber.api.junit.Cucumber.run(Cucumber.java:82)
	at org.apache.maven.surefire.junit4.JUnit4Provider.execute(JUnit4Provider.java:264)
	at org.apache.maven.surefire.junit4.JUnit4Provider.executeTestSet(JUnit4Provider.java:153)
	at org.apache.maven.surefire.junit4.JUnit4Provider.invoke(JUnit4Provider.java:124)
	at sun.reflect.NativeMethodAccessorImpl.invoke0(Native Method)
	at sun.reflect.NativeMethodAccessorImpl.invoke(NativeMethodAccessorImpl.java:62)
	at sun.reflect.DelegatingMethodAccessorImpl.invoke(DelegatingMethodAccessorImpl.java:43)
	at java.lang.reflect.Method.invoke(Method.java:498)
	at org.apache.maven.surefire.util.ReflectionUtils.invokeMethodWithArray2(ReflectionUtils.java:208)
	at org.apache.maven.surefire.booter.ProviderFactory$ProviderProxy.invoke(ProviderFactory.java:158)
	at org.apache.maven.surefire.booter.ProviderFactory.invokeProvider(ProviderFactory.java:86)
	at org.apache.maven.surefire.booter.ForkedBooter.runSuitesInProcess(ForkedBooter.java:153)
	at org.apache.maven.surefire.booter.ForkedBooter.main(ForkedBooter.java:95)
</error>
  </testcase>
  <testcase name="Scenario: 21430 - Enhance Find My Project Functionality" classname="Scenario: 21430 - Enhance Find My Project Functionality" time="0.013">
    <error message="Expected condition failed: waiting for cucumber.jvm.parallel.util.CUtil$1@94740 (tried for 90 second(s) with 5 SECONDS interval)" type="org.openqa.selenium.TimeoutException">org.openqa.selenium.TimeoutException: Expected condition failed: waiting for cucumber.jvm.parallel.util.CUtil$1@94740 (tried for 90 second(s) with 5 SECONDS interval)
	at sun.reflect.NativeConstructorAccessorImpl.newInstance0(Native Method)
	at sun.reflect.NativeConstructorAccessorImpl.newInstance(NativeConstructorAccessorImpl.java:62)
	at sun.reflect.DelegatingConstructorAccessorImpl.newInstance(DelegatingConstructorAccessorImpl.java:45)
	at java.lang.reflect.Constructor.newInstance(Constructor.java:423)
	at org.openqa.selenium.remote.ErrorHandler.createThrowable(ErrorHandler.java:215)
	at org.openqa.selenium.remote.ErrorHandler.throwIfResponseFailed(ErrorHandler.java:167)
	at org.openqa.selenium.remote.RemoteWebDriver.execute(RemoteWebDriver.java:671)
	at org.openqa.selenium.remote.RemoteWebDriver.findElement(RemoteWebDriver.java:410)
	at org.openqa.selenium.remote.RemoteWebDriver.findElementByCssSelector(RemoteWebDriver.java:501)
	at org.openqa.selenium.By$ByCssSelector.findElement(By.java:430)
	at org.openqa.selenium.remote.RemoteWebDriver.findElement(RemoteWebDriver.java:402)
	at cucumber.jvm.parallel.util.CUtil$1.apply(CUtil.java:105)
	at cucumber.jvm.parallel.util.CUtil$1.apply(CUtil.java:103)
	at org.openqa.selenium.support.ui.FluentWait.until(FluentWait.java:209)
	at cucumber.jvm.parallel.util.CUtil.waitForElement(CUtil.java:103)
	at cucumber.jvm.parallel.pages.TimesheetPage.isDisabled_SELECT_CUSTOMER_DROPDOWN(TimesheetPage.java:547)
	at cucumber.jvm.parallel.cucumber.steps.TimesheetPageSteps.I_should_see_Select_Customer_dropdown_as_disabled(TimesheetPageSteps.java:347)
	at sun.reflect.NativeMethodAccessorImpl.invoke0(Native Method)
	at sun.reflect.NativeMethodAccessorImpl.invoke(NativeMethodAccessorImpl.java:62)
	at sun.reflect.DelegatingMethodAccessorImpl.invoke(DelegatingMethodAccessorImpl.java:43)
	at java.lang.reflect.Method.invoke(Method.java:498)
	at cucumber.runtime.Utils$1.call(Utils.java:44)
	at cucumber.runtime.Timeout.timeout(Timeout.java:12)
	at cucumber.runtime.Utils.invoke(Utils.java:40)
	at cucumber.runtime.java.JavaStepDefinition.execute(JavaStepDefinition.java:35)
	at cucumber.runtime.StepDefinitionMatch.runStep(StepDefinitionMatch.java:38)
	at cucumber.runtime.Runtime.runStep(Runtime.java:268)
	at cucumber.runtime.model.StepContainer.runStep(StepContainer.java:45)
	at cucumber.runtime.model.StepContainer.runSteps(StepContainer.java:40)
	at cucumber.runtime.model.CucumberScenario.run(CucumberScenario.java:36)
	at cucumber.runtime.junit.ExecutionUnitRunner.run(ExecutionUnitRunner.java:83)
	at cucumber.runtime.junit.FeatureRunner.runChild(FeatureRunner.java:63)
	at cucumber.runtime.junit.FeatureRunner.runChild(FeatureRunner.java:18)
	at org.junit.runners.ParentRunner$3.run(ParentRunner.java:238)
	at org.junit.runners.ParentRunner$1.schedule(ParentRunner.java:63)
	at org.junit.runners.ParentRunner.runChildren(ParentRunner.java:236)
	at org.junit.runners.ParentRunner.access$000(ParentRunner.java:53)
	at org.junit.runners.ParentRunner$2.evaluate(ParentRunner.java:229)
	at org.junit.runners.ParentRunner.run(ParentRunner.java:309)
	at cucumber.runtime.junit.FeatureRunner.run(FeatureRunner.java:70)
	at cucumber.api.junit.Cucumber.runChild(Cucumber.java:77)
	at cucumber.api.junit.Cucumber.runChild(Cucumber.java:37)
	at org.junit.runners.ParentRunner$3.run(ParentRunner.java:238)
	at org.junit.runners.ParentRunner$1.schedule(ParentRunner.java:63)
	at org.junit.runners.ParentRunner.runChildren(ParentRunner.java:236)
	at org.junit.runners.ParentRunner.access$000(ParentRunner.java:53)
	at org.junit.runners.ParentRunner$2.evaluate(ParentRunner.java:229)
	at org.junit.runners.ParentRunner.run(ParentRunner.java:309)
	at cucumber.api.junit.Cucumber.run(Cucumber.java:82)
	at org.apache.maven.surefire.junit4.JUnit4Provider.execute(JUnit4Provider.java:264)
	at org.apache.maven.surefire.junit4.JUnit4Provider.executeTestSet(JUnit4Provider.java:153)
	at org.apache.maven.surefire.junit4.JUnit4Provider.invoke(JUnit4Provider.java:124)
	at sun.reflect.NativeMethodAccessorImpl.invoke0(Native Method)
	at sun.reflect.NativeMethodAccessorImpl.invoke(NativeMethodAccessorImpl.java:62)
	at sun.reflect.DelegatingMethodAccessorImpl.invoke(DelegatingMethodAccessorImpl.java:43)
	at java.lang.reflect.Method.invoke(Method.java:498)
	at org.apache.maven.surefire.util.ReflectionUtils.invokeMethodWithArray2(ReflectionUtils.java:208)
	at org.apache.maven.surefire.booter.ProviderFactory$ProviderProxy.invoke(ProviderFactory.java:158)
	at org.apache.maven.surefire.booter.ProviderFactory.invokeProvider(ProviderFactory.java:86)
	at org.apache.maven.surefire.booter.ForkedBooter.runSuitesInProcess(ForkedBooter.java:153)
	at org.apache.maven.surefire.booter.ForkedBooter.main(ForkedBooter.java:95)
</error>
  </testcase>
  <testcase name="Then I should see Select Project dropdown as disabled" classname="Scenario: 21430 - Enhance Find My Project Functionality" time="0.047">
    <skipped/>
  </testcase>
  <testcase name="Then I should see Select Project button disabled" classname="Scenario: 21430 - Enhance Find My Project Functionality" time="0.047">
    <skipped/>
  </testcase>
  <testcase name="When I select PCBU as &quot;Catapult Integrated Services&quot; in Find Project pop-up" classname="Scenario: 21430 - Enhance Find My Project Functionality" time="0.047">
    <skipped/>
  </testcase>
  <testcase name="When I select Project as Project Id in Find Project pop-up" classname="Scenario: 21430 - Enhance Find My Project Functionality" time="0.048">
    <skipped/>
  </testcase>
  <testcase name="When I select PCBU as &quot;Catapult Integrated Services&quot; in Find Project pop-up" classname="Scenario: 21430 - Enhance Find My Project Functionality" time="0.048">
    <skipped/>
  </testcase>
  <testcase name="When I select Customer as &quot;None&quot; in Find Project pop-up" classname="Scenario: 21430 - Enhance Find My Project Functionality" time="0.048">
    <skipped/>
  </testcase>
  <testcase name="When I select Project as &quot;Harmony Intake&quot; in Find Project pop-up" classname="Scenario: 21430 - Enhance Find My Project Functionality" time="0.049">
    <skipped/>
  </testcase>
</testsuite>